<!--
  Copyright 2018 dev.lauer@elnarion.de
  
  Licensed under the Apache License, Version 2.0 (the "License"); you may not
  use this file except in compliance with the License.  You may obtain a copy
  of the License at
  
    http://www.apache.org/licenses/LICENSE-2.0
  
  Unless required by applicable law or agreed to in writing, software
  distributed under the License is distributed on an "AS IS" BASIS, WITHOUT
  WARRANTIES OR CONDITIONS OF ANY KIND, either express or implied.  See the
  License for the specific language governing permissions and limitations under
  the License.
-->
<persistence xmlns="http://xmlns.jcp.org/xml/ns/persistence"
	xmlns:xsi="http://www.w3.org/2001/XMLSchema-instance"
	xsi:schemaLocation="http://xmlns.jcp.org/xml/ns/persistence
          http://xmlns.jcp.org/xml/ns/persistence/persistence_2_1.xsd"
	version="2.1">
	<persistence-unit name="wida_ctx">
		<jta-data-source>java:jboss/jdbc/wida_xads</jta-data-source>
		<properties>
			<property name="hibernate.dialect"
				value="org.hibernate.dialect.H2Dialect" />
			<property name="hibernate.show_sql" value="true" />
			<property name="hibernate.format_sql" value="true" />
			<property
				name="hibernate.transaction.flush_before_completion" value="true" />
			<property name="hibernate.default_schema" value="wida" />
			<property
				name="javax.persistence.schema-generation.database.action"
				value="drop-and-create" />
			<property
				name="javax.persistence.schema-generation.create-database-schemas"
				value="true" />
			<property
				name="javax.persistence.schema-generation.create-script-source"
				value="META-INF/sql/create_schema_wida.sql" />
			<property
				name="javax.persistence.schema-generation.create-source"
				value="script-then-metadata" />
			<property
				name="javax.persistence.schema-generation.drop-source"
				value="metadata-then-script" />
			<property
				name="javax.persistence.schema-generation.drop-script-source"
				value="META-INF/sql/drop_schema_wida.sql" />
		</properties>
	</persistence-unit>
</persistence>
